<?xml version="1.0" encoding="UTF-8"?>
<!-- Generated by org.testng.reporters.JUnitXMLReporter -->
<testsuite ignored="0" hostname="Mohammed-Alam" failures="0" tests="1" name="EdgeTest" time="6.703" errors="0" timestamp="08 May 2022 16:54:40 GMT">
  <testcase classname="com.usa.crossbrowser.crossBrowserTesting" name="@BeforeTest setup" time="0.086">
    <failure type="org.openqa.selenium.WebDriverException" message="SafariDriver requires Safari 10 running on OSX El Capitan or greater.
Build info: version: &amp;apos;3.141.59&amp;apos;, revision: &amp;apos;e82be7d358&amp;apos;, time: &amp;apos;2018-11-14T08:17:03&amp;apos;
System info: host: &amp;apos;MOHAMMED-ALAM&amp;apos;, ip: &amp;apos;192.168.56.1&amp;apos;, os.name: &amp;apos;Windows 10&amp;apos;, os.arch: &amp;apos;amd64&amp;apos;, os.version: &amp;apos;10.0&amp;apos;, java.version: &amp;apos;11.0.11&amp;apos;
Driver info: driver.version: SafariDriver">
      <![CDATA[org.openqa.selenium.WebDriverException: SafariDriver requires Safari 10 running on OSX El Capitan or greater.
Build info: version: '3.141.59', revision: 'e82be7d358', time: '2018-11-14T08:17:03'
System info: host: 'MOHAMMED-ALAM', ip: '192.168.56.1', os.name: 'Windows 10', os.arch: 'amd64', os.version: '10.0', java.version: '11.0.11'
Driver info: driver.version: SafariDriver
at org.openqa.selenium.safari.SafariDriverService.createDefaultService(SafariDriverService.java:59)
at org.openqa.selenium.safari.SafariDriver.<init>(SafariDriver.java:63)
at org.openqa.selenium.safari.SafariDriver.<init>(SafariDriver.java:41)
at com.usa.crossbrowser.crossBrowserTesting.setup(crossBrowserTesting.java:30)
at java.base/java.util.concurrent.FutureTask.run(FutureTask.java:264)
at java.base/java.util.concurrent.ThreadPoolExecutor.runWorker(ThreadPoolExecutor.java:1128)
at java.base/java.util.concurrent.ThreadPoolExecutor$Worker.run(ThreadPoolExecutor.java:628)
at java.base/java.lang.Thread.run(Thread.java:834)
... Removed 15 stack frames]]>
    </failure>
  </testcase> <!-- @BeforeTest setup -->
  <testcase classname="com.usa.crossbrowser.crossBrowserTesting" name="@AfterClass afterTest" time="0.0">
    <skipped/>
  </testcase> <!-- @AfterClass afterTest -->
  <testcase classname="com.usa.crossbrowser.crossBrowserTesting" name="@BeforeTest setup" time="6.681">
    <failure type="org.openqa.selenium.SessionNotCreatedException" message="session not created: This version of MSEdgeDriver only supports MSEdge version 99
Current browser version is 101.0.1210.39 with binary path C:\Program Files (x86)\Microsoft\Edge\Application\msedge.exe
Build info: version: &amp;apos;3.141.59&amp;apos;, revision: &amp;apos;e82be7d358&amp;apos;, time: &amp;apos;2018-11-14T08:17:03&amp;apos;
System info: host: &amp;apos;MOHAMMED-ALAM&amp;apos;, ip: &amp;apos;192.168.56.1&amp;apos;, os.name: &amp;apos;Windows 10&amp;apos;, os.arch: &amp;apos;amd64&amp;apos;, os.version: &amp;apos;10.0&amp;apos;, java.version: &amp;apos;11.0.11&amp;apos;
Driver info: driver.version: EdgeDriver
remote stacktrace: Backtrace:
	Microsoft::Applications::Events::EventProperties::unpack [0x00007FF66F1612F2+25346]
	Microsoft::Applications::Events::time_ticks_t::time_ticks_t [0x00007FF66F09E352+515810]
	Ordinal0 [0x00007FF66EBB0BC5+658373]
	Ordinal0 [0x00007FF66EBDB5E0+832992]
	Ordinal0 [0x00007FF66EBD6B7E+813950]
	Ordinal0 [0x00007FF66EBD24EE+795886]
	Ordinal0 [0x00007FF66EC0C366+1033062]
	Ordinal0 [0x00007FF66EC06A53+1010259]
	Ordinal0 [0x00007FF66EBDDB47+842567]
	Ordinal0 [0x00007FF66EBDF018+847896]
	Microsoft::Applications::Events::EventProperty::to_string [0x00007FF66ED6EB98+827352]
	Microsoft::Applications::Events::EventProperty::EventProperty [0x00007FF66EE58D49+34681]
	Microsoft::Applications::Events::EventProperty::EventProperty [0x00007FF66EE5BF22+47442]
	Microsoft::Applications::Events::EventProperty::to_string [0x00007FF66ECAC076+29878]
	Microsoft::Applications::Events::time_ticks_t::time_ticks_t [0x00007FF66F0A5341+544465]
	Microsoft::Applications::Events::time_ticks_t::time_ticks_t [0x00007FF66F0AA344+564948]
	Microsoft::Applications::Events::time_ticks_t::time_ticks_t [0x00007FF66F0AA49D+565293]
	Microsoft::Applications::Events::time_ticks_t::time_ticks_t [0x00007FF66F0B428E+605726]
	BaseThreadInitThunk [0x00007FFE32C754E0+16]
	RtlUserThreadStart [0x00007FFE33A4485B+43]
">
      <![CDATA[org.openqa.selenium.SessionNotCreatedException: session not created: This version of MSEdgeDriver only supports MSEdge version 99
Current browser version is 101.0.1210.39 with binary path C:\Program Files (x86)\Microsoft\Edge\Application\msedge.exe
Build info: version: '3.141.59', revision: 'e82be7d358', time: '2018-11-14T08:17:03'
System info: host: 'MOHAMMED-ALAM', ip: '192.168.56.1', os.name: 'Windows 10', os.arch: 'amd64', os.version: '10.0', java.version: '11.0.11'
Driver info: driver.version: EdgeDriver
remote stacktrace: Backtrace:
Microsoft::Applications::Events::EventProperties::unpack [0x00007FF66F1612F2+25346]
Microsoft::Applications::Events::time_ticks_t::time_ticks_t [0x00007FF66F09E352+515810]
Ordinal0 [0x00007FF66EBB0BC5+658373]
Ordinal0 [0x00007FF66EBDB5E0+832992]
Ordinal0 [0x00007FF66EBD6B7E+813950]
Ordinal0 [0x00007FF66EBD24EE+795886]
Ordinal0 [0x00007FF66EC0C366+1033062]
Ordinal0 [0x00007FF66EC06A53+1010259]
Ordinal0 [0x00007FF66EBDDB47+842567]
Ordinal0 [0x00007FF66EBDF018+847896]
Microsoft::Applications::Events::EventProperty::to_string [0x00007FF66ED6EB98+827352]
Microsoft::Applications::Events::EventProperty::EventProperty [0x00007FF66EE58D49+34681]
Microsoft::Applications::Events::EventProperty::EventProperty [0x00007FF66EE5BF22+47442]
Microsoft::Applications::Events::EventProperty::to_string [0x00007FF66ECAC076+29878]
Microsoft::Applications::Events::time_ticks_t::time_ticks_t [0x00007FF66F0A5341+544465]
Microsoft::Applications::Events::time_ticks_t::time_ticks_t [0x00007FF66F0AA344+564948]
Microsoft::Applications::Events::time_ticks_t::time_ticks_t [0x00007FF66F0AA49D+565293]
Microsoft::Applications::Events::time_ticks_t::time_ticks_t [0x00007FF66F0B428E+605726]
BaseThreadInitThunk [0x00007FFE32C754E0+16]
RtlUserThreadStart [0x00007FFE33A4485B+43]

at org.openqa.selenium.remote.W3CHandshakeResponse.lambda$errorHandler$0(W3CHandshakeResponse.java:62)
at org.openqa.selenium.remote.HandshakeResponse.lambda$getResponseFunction$0(HandshakeResponse.java:30)
at org.openqa.selenium.remote.ProtocolHandshake.lambda$createSession$0(ProtocolHandshake.java:126)
at java.base/java.util.stream.ReferencePipeline$3$1.accept(ReferencePipeline.java:195)
at java.base/java.util.Spliterators$ArraySpliterator.tryAdvance(Spliterators.java:958)
at java.base/java.util.stream.ReferencePipeline.forEachWithCancel(ReferencePipeline.java:127)
at java.base/java.util.stream.AbstractPipeline.copyIntoWithCancel(AbstractPipeline.java:502)
at java.base/java.util.stream.AbstractPipeline.copyInto(AbstractPipeline.java:488)
at java.base/java.util.stream.AbstractPipeline.wrapAndCopyInto(AbstractPipeline.java:474)
at java.base/java.util.stream.FindOps$FindOp.evaluateSequential(FindOps.java:150)
at java.base/java.util.stream.AbstractPipeline.evaluate(AbstractPipeline.java:234)
at java.base/java.util.stream.ReferencePipeline.findFirst(ReferencePipeline.java:543)
at org.openqa.selenium.remote.ProtocolHandshake.createSession(ProtocolHandshake.java:128)
at org.openqa.selenium.remote.ProtocolHandshake.createSession(ProtocolHandshake.java:74)
at org.openqa.selenium.remote.HttpCommandExecutor.execute(HttpCommandExecutor.java:136)
at org.openqa.selenium.remote.service.DriverCommandExecutor.execute(DriverCommandExecutor.java:83)
at org.openqa.selenium.remote.RemoteWebDriver.execute(RemoteWebDriver.java:552)
at org.openqa.selenium.remote.RemoteWebDriver.startSession(RemoteWebDriver.java:213)
at org.openqa.selenium.remote.RemoteWebDriver.<init>(RemoteWebDriver.java:131)
at org.openqa.selenium.edge.EdgeDriver.<init>(EdgeDriver.java:141)
at org.openqa.selenium.edge.EdgeDriver.<init>(EdgeDriver.java:96)
at com.usa.crossbrowser.crossBrowserTesting.setup(crossBrowserTesting.java:41)
at java.base/java.util.concurrent.FutureTask.run(FutureTask.java:264)
at java.base/java.util.concurrent.ThreadPoolExecutor.runWorker(ThreadPoolExecutor.java:1128)
at java.base/java.util.concurrent.ThreadPoolExecutor$Worker.run(ThreadPoolExecutor.java:628)
at java.base/java.lang.Thread.run(Thread.java:834)
... Removed 19 stack frames]]>
    </failure>
  </testcase> <!-- @BeforeTest setup -->
  <testcase classname="com.usa.crossbrowser.crossBrowserTesting" name="@AfterClass afterTest" time="0.0">
    <skipped/>
  </testcase> <!-- @AfterClass afterTest -->
  <testcase classname="com.usa.crossbrowser.crossBrowserTesting" name="login" time="0.0">
    <skipped/>
  </testcase> <!-- login -->
</testsuite> <!-- EdgeTest -->
