<?xml version="1.0" encoding="UTF-8"?>
<!-- Generated by org.testng.reporters.JUnitReportReporter -->
<testsuite hostname="Mohammed-Alam" failures="0" tests="5" name="com.usa.crossbrowser.crossBrowserTesting" time="16.624" errors="2" timestamp="08 May 2022 16:54:49 GMT" skipped="2">
  <testcase classname="com.usa.crossbrowser.crossBrowserTesting" name="login" time="0.000">
    <skipped/>
  </testcase> <!-- login -->
  <testcase classname="com.usa.crossbrowser.crossBrowserTesting" name="login" time="0.000">
    <skipped/>
  </testcase> <!-- login -->
  <testcase classname="com.usa.crossbrowser.crossBrowserTesting" name="setup" time="6.681">
    <error message="session not created: This version of MSEdgeDriver only supports MSEdge version 99
Current browser version is 101.0.1210.39 with binary path C:\Program Files (x86)\Microsoft\Edge\Application\msedge.exe
Build info: version: &#039;3.141.59&#039;, revision: &#039;e82be7d358&#039;, time: &#039;2018-11-14T08:17:03&#039;
System info: host: &#039;MOHAMMED-ALAM&#039;, ip: &#039;192.168.56.1&#039;, os.name: &#039;Windows 10&#039;, os.arch: &#039;amd64&#039;, os.version: &#039;10.0&#039;, java.version: &#039;11.0.11&#039;
Driver info: driver.version: EdgeDriver
remote stacktrace: Backtrace:
	Microsoft::Applications::Events::EventProperties::unpack [0x00007FF66F1612F2+25346]
	Microsoft::Applications::Events::time_ticks_t::time_ticks_t [0x00007FF66F09E352+515810]
	Ordinal0 [0x00007FF66EBB0BC5+658373]
	Ordinal0 [0x00007FF66EBDB5E0+832992]
	Ordinal0 [0x00007FF66EBD6B7E+813950]
	Ordinal0 [0x00007FF66EBD24EE+795886]
	Ordinal0 [0x00007FF66EC0C366+1033062]
	Ordinal0 [0x00007FF66EC06A53+1010259]
	Ordinal0 [0x00007FF66EBDDB47+842567]
	Ordinal0 [0x00007FF66EBDF018+847896]
	Microsoft::Applications::Events::EventProperty::to_string [0x00007FF66ED6EB98+827352]
	Microsoft::Applications::Events::EventProperty::EventProperty [0x00007FF66EE58D49+34681]
	Microsoft::Applications::Events::EventProperty::EventProperty [0x00007FF66EE5BF22+47442]
	Microsoft::Applications::Events::EventProperty::to_string [0x00007FF66ECAC076+29878]
	Microsoft::Applications::Events::time_ticks_t::time_ticks_t [0x00007FF66F0A5341+544465]
	Microsoft::Applications::Events::time_ticks_t::time_ticks_t [0x00007FF66F0AA344+564948]
	Microsoft::Applications::Events::time_ticks_t::time_ticks_t [0x00007FF66F0AA49D+565293]
	Microsoft::Applications::Events::time_ticks_t::time_ticks_t [0x00007FF66F0B428E+605726]
	BaseThreadInitThunk [0x00007FFE32C754E0+16]
	RtlUserThreadStart [0x00007FFE33A4485B+43]
" type="org.openqa.selenium.SessionNotCreatedException">
      <![CDATA[org.openqa.selenium.SessionNotCreatedException: session not created: This version of MSEdgeDriver only supports MSEdge version 99
Current browser version is 101.0.1210.39 with binary path C:\Program Files (x86)\Microsoft\Edge\Application\msedge.exe
Build info: version: '3.141.59', revision: 'e82be7d358', time: '2018-11-14T08:17:03'
System info: host: 'MOHAMMED-ALAM', ip: '192.168.56.1', os.name: 'Windows 10', os.arch: 'amd64', os.version: '10.0', java.version: '11.0.11'
Driver info: driver.version: EdgeDriver
remote stacktrace: Backtrace:
Microsoft::Applications::Events::EventProperties::unpack [0x00007FF66F1612F2+25346]
Microsoft::Applications::Events::time_ticks_t::time_ticks_t [0x00007FF66F09E352+515810]
Ordinal0 [0x00007FF66EBB0BC5+658373]
Ordinal0 [0x00007FF66EBDB5E0+832992]
Ordinal0 [0x00007FF66EBD6B7E+813950]
Ordinal0 [0x00007FF66EBD24EE+795886]
Ordinal0 [0x00007FF66EC0C366+1033062]
Ordinal0 [0x00007FF66EC06A53+1010259]
Ordinal0 [0x00007FF66EBDDB47+842567]
Ordinal0 [0x00007FF66EBDF018+847896]
Microsoft::Applications::Events::EventProperty::to_string [0x00007FF66ED6EB98+827352]
Microsoft::Applications::Events::EventProperty::EventProperty [0x00007FF66EE58D49+34681]
Microsoft::Applications::Events::EventProperty::EventProperty [0x00007FF66EE5BF22+47442]
Microsoft::Applications::Events::EventProperty::to_string [0x00007FF66ECAC076+29878]
Microsoft::Applications::Events::time_ticks_t::time_ticks_t [0x00007FF66F0A5341+544465]
Microsoft::Applications::Events::time_ticks_t::time_ticks_t [0x00007FF66F0AA344+564948]
Microsoft::Applications::Events::time_ticks_t::time_ticks_t [0x00007FF66F0AA49D+565293]
Microsoft::Applications::Events::time_ticks_t::time_ticks_t [0x00007FF66F0B428E+605726]
BaseThreadInitThunk [0x00007FFE32C754E0+16]
RtlUserThreadStart [0x00007FFE33A4485B+43]

at java.base/jdk.internal.reflect.NativeConstructorAccessorImpl.newInstance0(Native Method)
at java.base/jdk.internal.reflect.NativeConstructorAccessorImpl.newInstance(NativeConstructorAccessorImpl.java:62)
at java.base/jdk.internal.reflect.DelegatingConstructorAccessorImpl.newInstance(DelegatingConstructorAccessorImpl.java:45)
at java.base/java.lang.reflect.Constructor.newInstance(Constructor.java:490)
at org.openqa.selenium.remote.W3CHandshakeResponse.lambda$errorHandler$0(W3CHandshakeResponse.java:62)
at org.openqa.selenium.remote.HandshakeResponse.lambda$getResponseFunction$0(HandshakeResponse.java:30)
at org.openqa.selenium.remote.ProtocolHandshake.lambda$createSession$0(ProtocolHandshake.java:126)
at java.base/java.util.stream.ReferencePipeline$3$1.accept(ReferencePipeline.java:195)
at java.base/java.util.Spliterators$ArraySpliterator.tryAdvance(Spliterators.java:958)
at java.base/java.util.stream.ReferencePipeline.forEachWithCancel(ReferencePipeline.java:127)
at java.base/java.util.stream.AbstractPipeline.copyIntoWithCancel(AbstractPipeline.java:502)
at java.base/java.util.stream.AbstractPipeline.copyInto(AbstractPipeline.java:488)
at java.base/java.util.stream.AbstractPipeline.wrapAndCopyInto(AbstractPipeline.java:474)
at java.base/java.util.stream.FindOps$FindOp.evaluateSequential(FindOps.java:150)
at java.base/java.util.stream.AbstractPipeline.evaluate(AbstractPipeline.java:234)
at java.base/java.util.stream.ReferencePipeline.findFirst(ReferencePipeline.java:543)
at org.openqa.selenium.remote.ProtocolHandshake.createSession(ProtocolHandshake.java:128)
at org.openqa.selenium.remote.ProtocolHandshake.createSession(ProtocolHandshake.java:74)
at org.openqa.selenium.remote.HttpCommandExecutor.execute(HttpCommandExecutor.java:136)
at org.openqa.selenium.remote.service.DriverCommandExecutor.execute(DriverCommandExecutor.java:83)
at org.openqa.selenium.remote.RemoteWebDriver.execute(RemoteWebDriver.java:552)
at org.openqa.selenium.remote.RemoteWebDriver.startSession(RemoteWebDriver.java:213)
at org.openqa.selenium.remote.RemoteWebDriver.<init>(RemoteWebDriver.java:131)
at org.openqa.selenium.edge.EdgeDriver.<init>(EdgeDriver.java:141)
at org.openqa.selenium.edge.EdgeDriver.<init>(EdgeDriver.java:96)
at com.usa.crossbrowser.crossBrowserTesting.setup(crossBrowserTesting.java:41)
at java.base/jdk.internal.reflect.NativeMethodAccessorImpl.invoke0(Native Method)
at java.base/jdk.internal.reflect.NativeMethodAccessorImpl.invoke(NativeMethodAccessorImpl.java:62)
at java.base/jdk.internal.reflect.DelegatingMethodAccessorImpl.invoke(DelegatingMethodAccessorImpl.java:43)
at java.base/java.lang.reflect.Method.invoke(Method.java:566)
at org.testng.internal.MethodInvocationHelper.invokeMethod(MethodInvocationHelper.java:124)
at org.testng.internal.MethodInvocationHelper.invokeMethodConsideringTimeout(MethodInvocationHelper.java:59)
at org.testng.internal.Invoker.invokeConfigurationMethod(Invoker.java:458)
at org.testng.internal.Invoker.invokeConfigurations(Invoker.java:222)
at org.testng.internal.Invoker.invokeConfigurations(Invoker.java:142)
at org.testng.TestRunner.beforeRun(TestRunner.java:529)
at org.testng.TestRunner.run(TestRunner.java:497)
at org.testng.SuiteRunner.runTest(SuiteRunner.java:455)
at org.testng.SuiteRunner.access$000(SuiteRunner.java:40)
at org.testng.SuiteRunner$SuiteWorker.run(SuiteRunner.java:489)
at org.testng.internal.thread.ThreadUtil$1.call(ThreadUtil.java:52)
at java.base/java.util.concurrent.FutureTask.run(FutureTask.java:264)
at java.base/java.util.concurrent.ThreadPoolExecutor.runWorker(ThreadPoolExecutor.java:1128)
at java.base/java.util.concurrent.ThreadPoolExecutor$Worker.run(ThreadPoolExecutor.java:628)
at java.base/java.lang.Thread.run(Thread.java:834)
]]>
    </error>
  </testcase> <!-- setup -->
  <testcase classname="com.usa.crossbrowser.crossBrowserTesting" name="setup" time="0.086">
    <error message="SafariDriver requires Safari 10 running on OSX El Capitan or greater.
Build info: version: &#039;3.141.59&#039;, revision: &#039;e82be7d358&#039;, time: &#039;2018-11-14T08:17:03&#039;
System info: host: &#039;MOHAMMED-ALAM&#039;, ip: &#039;192.168.56.1&#039;, os.name: &#039;Windows 10&#039;, os.arch: &#039;amd64&#039;, os.version: &#039;10.0&#039;, java.version: &#039;11.0.11&#039;
Driver info: driver.version: SafariDriver" type="org.openqa.selenium.WebDriverException">
      <![CDATA[org.openqa.selenium.WebDriverException: SafariDriver requires Safari 10 running on OSX El Capitan or greater.
Build info: version: '3.141.59', revision: 'e82be7d358', time: '2018-11-14T08:17:03'
System info: host: 'MOHAMMED-ALAM', ip: '192.168.56.1', os.name: 'Windows 10', os.arch: 'amd64', os.version: '10.0', java.version: '11.0.11'
Driver info: driver.version: SafariDriver
at org.openqa.selenium.safari.SafariDriverService.createDefaultService(SafariDriverService.java:59)
at org.openqa.selenium.safari.SafariDriver.<init>(SafariDriver.java:63)
at org.openqa.selenium.safari.SafariDriver.<init>(SafariDriver.java:41)
at com.usa.crossbrowser.crossBrowserTesting.setup(crossBrowserTesting.java:30)
at java.base/jdk.internal.reflect.NativeMethodAccessorImpl.invoke0(Native Method)
at java.base/jdk.internal.reflect.NativeMethodAccessorImpl.invoke(NativeMethodAccessorImpl.java:62)
at java.base/jdk.internal.reflect.DelegatingMethodAccessorImpl.invoke(DelegatingMethodAccessorImpl.java:43)
at java.base/java.lang.reflect.Method.invoke(Method.java:566)
at org.testng.internal.MethodInvocationHelper.invokeMethod(MethodInvocationHelper.java:124)
at org.testng.internal.MethodInvocationHelper.invokeMethodConsideringTimeout(MethodInvocationHelper.java:59)
at org.testng.internal.Invoker.invokeConfigurationMethod(Invoker.java:458)
at org.testng.internal.Invoker.invokeConfigurations(Invoker.java:222)
at org.testng.internal.Invoker.invokeConfigurations(Invoker.java:142)
at org.testng.TestRunner.beforeRun(TestRunner.java:529)
at org.testng.TestRunner.run(TestRunner.java:497)
at org.testng.SuiteRunner.runTest(SuiteRunner.java:455)
at org.testng.SuiteRunner.access$000(SuiteRunner.java:40)
at org.testng.SuiteRunner$SuiteWorker.run(SuiteRunner.java:489)
at org.testng.internal.thread.ThreadUtil$1.call(ThreadUtil.java:52)
at java.base/java.util.concurrent.FutureTask.run(FutureTask.java:264)
at java.base/java.util.concurrent.ThreadPoolExecutor.runWorker(ThreadPoolExecutor.java:1128)
at java.base/java.util.concurrent.ThreadPoolExecutor$Worker.run(ThreadPoolExecutor.java:628)
at java.base/java.lang.Thread.run(Thread.java:834)
]]>
    </error>
  </testcase> <!-- setup -->
  <testcase classname="com.usa.crossbrowser.crossBrowserTesting" name="login" time="9.857"/>
</testsuite> <!-- com.usa.crossbrowser.crossBrowserTesting -->
